[19-Aug-2019 14:31:32 UTC] PHP Warning:  PHP Startup: Unable to load dynamic library 'oci8_12c' (tried: ext\oci8_12c (The specified module could not be found.), ext\php_oci8_12c.dll (The specified module could not be found.)) in Unknown on line 0
[19-Aug-2019 14:31:32 UTC] PHP Warning:  PHP Startup: Unable to load dynamic library 'pdo_oci' (tried: ext\pdo_oci (The specified module could not be found.), ext\php_pdo_oci.dll (The specified module could not be found.)) in Unknown on line 0
[19-Aug-2019 14:31:38 UTC] PHP Warning:  PHP Startup: Unable to load dynamic library 'excel' (tried: ext\excel (The specified module could not be found.), ext\php_excel.dll (The specified module could not be found.)) in Unknown on line 0
[19-Aug-2019 14:31:43 UTC] PHP Warning:  PHP Startup: Unable to load dynamic library 'pdflib' (tried: ext\pdflib (The specified module could not be found.), ext\php_pdflib.dll (The specified module could not be found.)) in Unknown on line 0
[19-Aug-2019 14:39:47 UTC] PHP Warning:  PHP Startup: Unable to load dynamic library 'oci8_12c' (tried: ext\oci8_12c (The specified module could not be found.), ext\php_oci8_12c.dll (The specified module could not be found.)) in Unknown on line 0
[19-Aug-2019 14:39:47 UTC] PHP Warning:  PHP Startup: Unable to load dynamic library 'pdo_oci' (tried: ext\pdo_oci (The specified module could not be found.), ext\php_pdo_oci.dll (The specified module could not be found.)) in Unknown on line 0
[19-Aug-2019 14:39:47 UTC] PHP Warning:  PHP Startup: Unable to load dynamic library 'excel' (tried: ext\excel (The specified module could not be found.), ext\php_excel.dll (The specified module could not be found.)) in Unknown on line 0
[19-Aug-2019 14:39:47 UTC] PHP Warning:  PHP Startup: Unable to load dynamic library 'pdflib' (tried: ext\pdflib (The specified module could not be found.), ext\php_pdflib.dll (The specified module could not be found.)) in Unknown on line 0
[19-Aug-2019 14:46:00 UTC] PHP Warning:  PHP Startup: Unable to load dynamic library 'oci8_12c' (tried: ext\oci8_12c (The specified module could not be found.), ext\php_oci8_12c.dll (The specified module could not be found.)) in Unknown on line 0
[19-Aug-2019 14:46:00 UTC] PHP Warning:  PHP Startup: Unable to load dynamic library 'pdo_oci' (tried: ext\pdo_oci (The specified module could not be found.), ext\php_pdo_oci.dll (The specified module could not be found.)) in Unknown on line 0
[19-Aug-2019 14:46:00 UTC] PHP Warning:  PHP Startup: Unable to load dynamic library 'excel' (tried: ext\excel (The specified module could not be found.), ext\php_excel.dll (The specified module could not be found.)) in Unknown on line 0
[19-Aug-2019 14:46:00 UTC] PHP Warning:  PHP Startup: Unable to load dynamic library 'pdflib' (tried: ext\pdflib (The specified module could not be found.), ext\php_pdflib.dll (The specified module could not be found.)) in Unknown on line 0
[19-Aug-2019 14:57:15 UTC] PHP Warning:  PHP Startup: Unable to load dynamic library 'oci8_12c' (tried: ext\oci8_12c (The specified module could not be found.), ext\php_oci8_12c.dll (The specified module could not be found.)) in Unknown on line 0
[19-Aug-2019 14:57:15 UTC] PHP Warning:  PHP Startup: Unable to load dynamic library 'pdo_oci' (tried: ext\pdo_oci (The specified module could not be found.), ext\php_pdo_oci.dll (The specified module could not be found.)) in Unknown on line 0
[19-Aug-2019 14:57:15 UTC] PHP Warning:  PHP Startup: Unable to load dynamic library 'excel' (tried: ext\excel (The specified module could not be found.), ext\php_excel.dll (The specified module could not be found.)) in Unknown on line 0
[19-Aug-2019 14:57:15 UTC] PHP Warning:  PHP Startup: Unable to load dynamic library 'pdflib' (tried: ext\pdflib (The specified module could not be found.), ext\php_pdflib.dll (The specified module could not be found.)) in Unknown on line 0
[19-Aug-2019 14:57:39 UTC] PHP Warning:  PHP Startup: Unable to load dynamic library 'oci8_12c' (tried: ext\oci8_12c (The specified module could not be found.), ext\php_oci8_12c.dll (The specified module could not be found.)) in Unknown on line 0
[19-Aug-2019 14:57:39 UTC] PHP Warning:  PHP Startup: Unable to load dynamic library 'pdo_oci' (tried: ext\pdo_oci (The specified module could not be found.), ext\php_pdo_oci.dll (The specified module could not be found.)) in Unknown on line 0
[19-Aug-2019 14:57:39 UTC] PHP Warning:  PHP Startup: Unable to load dynamic library 'excel' (tried: ext\excel (The specified module could not be found.), ext\php_excel.dll (The specified module could not be found.)) in Unknown on line 0
[19-Aug-2019 14:57:39 UTC] PHP Warning:  PHP Startup: Unable to load dynamic library 'pdflib' (tried: ext\pdflib (The specified module could not be found.), ext\php_pdflib.dll (The specified module could not be found.)) in Unknown on line 0
[19-Aug-2019 15:03:48 UTC] PHP Warning:  PHP Startup: Unable to load dynamic library 'oci8_12c' (tried: ext\oci8_12c (The specified module could not be found.), ext\php_oci8_12c.dll (The specified module could not be found.)) in Unknown on line 0
[19-Aug-2019 15:03:48 UTC] PHP Warning:  PHP Startup: Unable to load dynamic library 'pdo_oci' (tried: ext\pdo_oci (The specified module could not be found.), ext\php_pdo_oci.dll (The specified module could not be found.)) in Unknown on line 0
[19-Aug-2019 15:03:49 UTC] PHP Warning:  PHP Startup: Unable to load dynamic library 'excel' (tried: ext\excel (The specified module could not be found.), ext\php_excel.dll (The specified module could not be found.)) in Unknown on line 0
[19-Aug-2019 15:03:49 UTC] PHP Warning:  PHP Startup: Unable to load dynamic library 'pdflib' (tried: ext\pdflib (The specified module could not be found.), ext\php_pdflib.dll (The specified module could not be found.)) in Unknown on line 0
[19-Aug-2019 15:04:35 UTC] PHP Warning:  PHP Startup: Unable to load dynamic library 'oci8_12c' (tried: ext\oci8_12c (The specified module could not be found.), ext\php_oci8_12c.dll (The specified module could not be found.)) in Unknown on line 0
[19-Aug-2019 15:04:35 UTC] PHP Warning:  PHP Startup: Unable to load dynamic library 'pdo_oci' (tried: ext\pdo_oci (The specified module could not be found.), ext\php_pdo_oci.dll (The specified module could not be found.)) in Unknown on line 0
[19-Aug-2019 15:04:35 UTC] PHP Warning:  PHP Startup: Unable to load dynamic library 'excel' (tried: ext\excel (The specified module could not be found.), ext\php_excel.dll (The specified module could not be found.)) in Unknown on line 0
[19-Aug-2019 15:04:35 UTC] PHP Warning:  PHP Startup: Unable to load dynamic library 'pdflib' (tried: ext\pdflib (The specified module could not be found.), ext\php_pdflib.dll (The specified module could not be found.)) in Unknown on line 0
[19-Aug-2019 15:16:19 UTC] PHP Warning:  PHP Startup: Unable to load dynamic library 'oci8_12c' (tried: ext\oci8_12c (The specified module could not be found.), ext\php_oci8_12c.dll (The specified module could not be found.)) in Unknown on line 0
[19-Aug-2019 15:16:19 UTC] PHP Warning:  PHP Startup: Unable to load dynamic library 'pdo_oci' (tried: ext\pdo_oci (The specified module could not be found.), ext\php_pdo_oci.dll (The specified module could not be found.)) in Unknown on line 0
[19-Aug-2019 15:16:19 UTC] PHP Warning:  PHP Startup: Unable to load dynamic library 'excel' (tried: ext\excel (The specified module could not be found.), ext\php_excel.dll (The specified module could not be found.)) in Unknown on line 0
[19-Aug-2019 15:16:19 UTC] PHP Warning:  Module 'imagick' already loaded in Unknown on line 0
[19-Aug-2019 15:16:19 UTC] PHP Warning:  PHP Startup: Unable to load dynamic library 'pdflib' (tried: ext\pdflib (The specified module could not be found.), ext\php_pdflib.dll (The specified module could not be found.)) in Unknown on line 0
[19-Aug-2019 19:08:44 UTC] PHP Warning:  PHP Startup: Unable to load dynamic library 'oci8_12c' (tried: ext\oci8_12c (The specified module could not be found.), ext\php_oci8_12c.dll (The specified module could not be found.)) in Unknown on line 0
[19-Aug-2019 19:08:45 UTC] PHP Warning:  PHP Startup: Unable to load dynamic library 'pdo_oci' (tried: ext\pdo_oci (The specified module could not be found.), ext\php_pdo_oci.dll (The specified module could not be found.)) in Unknown on line 0
[19-Aug-2019 19:08:55 UTC] PHP Warning:  PHP Startup: Unable to load dynamic library 'excel' (tried: ext\excel (The specified module could not be found.), ext\php_excel.dll (The specified module could not be found.)) in Unknown on line 0
[19-Aug-2019 19:08:57 UTC] PHP Warning:  Module 'imagick' already loaded in Unknown on line 0
[19-Aug-2019 19:09:01 UTC] PHP Warning:  PHP Startup: Unable to load dynamic library 'pdflib' (tried: ext\pdflib (The specified module could not be found.), ext\php_pdflib.dll (The specified module could not be found.)) in Unknown on line 0
[19-Aug-2019 21:33:15 UTC] PHP Warning:  PHP Startup: Unable to load dynamic library 'oci8_12c' (tried: ext\oci8_12c (The specified module could not be found.), ext\php_oci8_12c.dll (The specified module could not be found.)) in Unknown on line 0
[19-Aug-2019 21:33:15 UTC] PHP Warning:  PHP Startup: Unable to load dynamic library 'pdo_oci' (tried: ext\pdo_oci (The specified module could not be found.), ext\php_pdo_oci.dll (The specified module could not be found.)) in Unknown on line 0
[19-Aug-2019 21:33:15 UTC] PHP Warning:  PHP Startup: Unable to load dynamic library 'excel' (tried: ext\excel (The specified module could not be found.), ext\php_excel.dll (The specified module could not be found.)) in Unknown on line 0
[19-Aug-2019 21:33:15 UTC] PHP Warning:  Module 'imagick' already loaded in Unknown on line 0
[19-Aug-2019 21:33:15 UTC] PHP Warning:  PHP Startup: Unable to load dynamic library 'pdflib' (tried: ext\pdflib (The specified module could not be found.), ext\php_pdflib.dll (The specified module could not be found.)) in Unknown on line 0
[20-Aug-2019 15:22:07 UTC] PHP Warning:  PHP Startup: Unable to load dynamic library 'oci8_12c' (tried: ext\oci8_12c (The specified module could not be found.), ext\php_oci8_12c.dll (The specified module could not be found.)) in Unknown on line 0
[20-Aug-2019 15:22:07 UTC] PHP Warning:  PHP Startup: Unable to load dynamic library 'pdo_oci' (tried: ext\pdo_oci (The specified module could not be found.), ext\php_pdo_oci.dll (The specified module could not be found.)) in Unknown on line 0
[20-Aug-2019 15:22:07 UTC] PHP Warning:  PHP Startup: Unable to load dynamic library 'excel' (tried: ext\excel (The specified module could not be found.), ext\php_excel.dll (The specified module could not be found.)) in Unknown on line 0
[20-Aug-2019 15:22:07 UTC] PHP Warning:  Module 'imagick' already loaded in Unknown on line 0
[20-Aug-2019 15:22:07 UTC] PHP Warning:  PHP Startup: Unable to load dynamic library 'pdflib' (tried: ext\pdflib (The specified module could not be found.), ext\php_pdflib.dll (The specified module could not be found.)) in Unknown on line 0
[20-Aug-2019 17:12:44 UTC] PHP Warning:  PHP Startup: Unable to load dynamic library 'oci8_12c' (tried: ext\oci8_12c (The specified module could not be found.), ext\php_oci8_12c.dll (The specified module could not be found.)) in Unknown on line 0
[20-Aug-2019 17:12:44 UTC] PHP Warning:  PHP Startup: Unable to load dynamic library 'pdo_oci' (tried: ext\pdo_oci (The specified module could not be found.), ext\php_pdo_oci.dll (The specified module could not be found.)) in Unknown on line 0
[20-Aug-2019 17:12:44 UTC] PHP Warning:  PHP Startup: Unable to load dynamic library 'excel' (tried: ext\excel (The specified module could not be found.), ext\php_excel.dll (The specified module could not be found.)) in Unknown on line 0
[20-Aug-2019 17:12:44 UTC] PHP Warning:  Module 'imagick' already loaded in Unknown on line 0
[20-Aug-2019 17:12:44 UTC] PHP Warning:  PHP Startup: Unable to load dynamic library 'pdflib' (tried: ext\pdflib (The specified module could not be found.), ext\php_pdflib.dll (The specified module could not be found.)) in Unknown on line 0
[21-Aug-2019 21:20:19 UTC] PHP Warning:  PHP Startup: Unable to load dynamic library 'oci8_12c' (tried: ext\oci8_12c (The specified module could not be found.), ext\php_oci8_12c.dll (The specified module could not be found.)) in Unknown on line 0
[21-Aug-2019 21:20:19 UTC] PHP Warning:  PHP Startup: Unable to load dynamic library 'pdo_oci' (tried: ext\pdo_oci (The specified module could not be found.), ext\php_pdo_oci.dll (The specified module could not be found.)) in Unknown on line 0
[21-Aug-2019 21:20:19 UTC] PHP Warning:  PHP Startup: Unable to load dynamic library 'excel' (tried: ext\excel (The specified module could not be found.), ext\php_excel.dll (The specified module could not be found.)) in Unknown on line 0
[21-Aug-2019 21:20:19 UTC] PHP Warning:  Module 'imagick' already loaded in Unknown on line 0
[21-Aug-2019 21:20:19 UTC] PHP Warning:  PHP Startup: Unable to load dynamic library 'pdflib' (tried: ext\pdflib (The specified module could not be found.), ext\php_pdflib.dll (The specified module could not be found.)) in Unknown on line 0
[21-Aug-2019 22:03:37 UTC] PHP Warning:  PHP Startup: Unable to load dynamic library 'oci8_12c' (tried: ext\oci8_12c (The specified module could not be found.), ext\php_oci8_12c.dll (The specified module could not be found.)) in Unknown on line 0
[21-Aug-2019 22:03:37 UTC] PHP Warning:  PHP Startup: Unable to load dynamic library 'pdo_oci' (tried: ext\pdo_oci (The specified module could not be found.), ext\php_pdo_oci.dll (The specified module could not be found.)) in Unknown on line 0
[21-Aug-2019 22:03:37 UTC] PHP Warning:  PHP Startup: Unable to load dynamic library 'excel' (tried: ext\excel (The specified module could not be found.), ext\php_excel.dll (The specified module could not be found.)) in Unknown on line 0
[21-Aug-2019 22:03:37 UTC] PHP Warning:  Module 'imagick' already loaded in Unknown on line 0
[21-Aug-2019 22:03:38 UTC] PHP Warning:  PHP Startup: Unable to load dynamic library 'pdflib' (tried: ext\pdflib (The specified module could not be found.), ext\php_pdflib.dll (The specified module could not be found.)) in Unknown on line 0
[21-Aug-2019 22:49:18 UTC] PHP Warning:  PHP Startup: Unable to load dynamic library 'oci8_12c' (tried: ext\oci8_12c (The specified module could not be found.), ext\php_oci8_12c.dll (The specified module could not be found.)) in Unknown on line 0
[21-Aug-2019 22:49:18 UTC] PHP Warning:  PHP Startup: Unable to load dynamic library 'pdo_oci' (tried: ext\pdo_oci (The specified module could not be found.), ext\php_pdo_oci.dll (The specified module could not be found.)) in Unknown on line 0
[21-Aug-2019 22:49:18 UTC] PHP Warning:  PHP Startup: Unable to load dynamic library 'excel' (tried: ext\excel (The specified module could not be found.), ext\php_excel.dll (The specified module could not be found.)) in Unknown on line 0
[21-Aug-2019 22:49:18 UTC] PHP Warning:  Module 'imagick' already loaded in Unknown on line 0
[21-Aug-2019 22:49:18 UTC] PHP Warning:  PHP Startup: Unable to load dynamic library 'pdflib' (tried: ext\pdflib (The specified module could not be found.), ext\php_pdflib.dll (The specified module could not be found.)) in Unknown on line 0
[21-Aug-2019 22:49:28 UTC] PHP Warning:  PHP Startup: Unable to load dynamic library 'oci8_12c' (tried: ext\oci8_12c (The specified module could not be found.), ext\php_oci8_12c.dll (The specified module could not be found.)) in Unknown on line 0
[21-Aug-2019 22:49:28 UTC] PHP Warning:  PHP Startup: Unable to load dynamic library 'pdo_oci' (tried: ext\pdo_oci (The specified module could not be found.), ext\php_pdo_oci.dll (The specified module could not be found.)) in Unknown on line 0
[21-Aug-2019 22:49:28 UTC] PHP Warning:  PHP Startup: Unable to load dynamic library 'excel' (tried: ext\excel (The specified module could not be found.), ext\php_excel.dll (The specified module could not be found.)) in Unknown on line 0
[21-Aug-2019 22:49:28 UTC] PHP Warning:  Module 'imagick' already loaded in Unknown on line 0
[21-Aug-2019 22:49:28 UTC] PHP Warning:  PHP Startup: Unable to load dynamic library 'pdflib' (tried: ext\pdflib (The specified module could not be found.), ext\php_pdflib.dll (The specified module could not be found.)) in Unknown on line 0
[22-Aug-2019 16:48:06 UTC] PHP Warning:  PHP Startup: Unable to load dynamic library 'oci8_12c' (tried: ext\oci8_12c (The specified module could not be found.), ext\php_oci8_12c.dll (The specified module could not be found.)) in Unknown on line 0
[22-Aug-2019 16:48:07 UTC] PHP Warning:  PHP Startup: Unable to load dynamic library 'pdo_oci' (tried: ext\pdo_oci (The specified module could not be found.), ext\php_pdo_oci.dll (The specified module could not be found.)) in Unknown on line 0
[22-Aug-2019 16:48:15 UTC] PHP Warning:  PHP Startup: Unable to load dynamic library 'excel' (tried: ext\excel (The specified module could not be found.), ext\php_excel.dll (The specified module could not be found.)) in Unknown on line 0
[22-Aug-2019 16:48:17 UTC] PHP Warning:  Module 'imagick' already loaded in Unknown on line 0
[22-Aug-2019 16:48:21 UTC] PHP Warning:  PHP Startup: Unable to load dynamic library 'pdflib' (tried: ext\pdflib (The specified module could not be found.), ext\php_pdflib.dll (The specified module could not be found.)) in Unknown on line 0
[22-Aug-2019 20:27:24 UTC] PHP Warning:  PHP Startup: Unable to load dynamic library 'oci8_12c' (tried: ext\oci8_12c (The specified module could not be found.), ext\php_oci8_12c.dll (The specified module could not be found.)) in Unknown on line 0
[22-Aug-2019 20:27:24 UTC] PHP Warning:  PHP Startup: Unable to load dynamic library 'pdo_oci' (tried: ext\pdo_oci (The specified module could not be found.), ext\php_pdo_oci.dll (The specified module could not be found.)) in Unknown on line 0
[22-Aug-2019 20:27:24 UTC] PHP Warning:  PHP Startup: Unable to load dynamic library 'excel' (tried: ext\excel (The specified module could not be found.), ext\php_excel.dll (The specified module could not be found.)) in Unknown on line 0
[22-Aug-2019 20:27:24 UTC] PHP Warning:  Module 'imagick' already loaded in Unknown on line 0
[22-Aug-2019 20:27:24 UTC] PHP Warning:  PHP Startup: Unable to load dynamic library 'pdflib' (tried: ext\pdflib (The specified module could not be found.), ext\php_pdflib.dll (The specified module could not be found.)) in Unknown on line 0
[22-Aug-2019 21:28:46 UTC] PHP Warning:  PHP Startup: Unable to load dynamic library 'oci8_12c' (tried: ext\oci8_12c (The specified module could not be found.), ext\php_oci8_12c.dll (The specified module could not be found.)) in Unknown on line 0
[22-Aug-2019 21:28:46 UTC] PHP Warning:  PHP Startup: Unable to load dynamic library 'pdo_oci' (tried: ext\pdo_oci (The specified module could not be found.), ext\php_pdo_oci.dll (The specified module could not be found.)) in Unknown on line 0
[22-Aug-2019 21:28:46 UTC] PHP Warning:  PHP Startup: Unable to load dynamic library 'excel' (tried: ext\excel (The specified module could not be found.), ext\php_excel.dll (The specified module could not be found.)) in Unknown on line 0
[22-Aug-2019 21:28:46 UTC] PHP Warning:  Module 'imagick' already loaded in Unknown on line 0
[22-Aug-2019 21:28:46 UTC] PHP Warning:  PHP Startup: Unable to load dynamic library 'pdflib' (tried: ext\pdflib (The specified module could not be found.), ext\php_pdflib.dll (The specified module could not be found.)) in Unknown on line 0
[23-Aug-2019 19:18:02 UTC] PHP Warning:  PHP Startup: Unable to load dynamic library 'oci8_12c' (tried: ext\oci8_12c (The specified module could not be found.), ext\php_oci8_12c.dll (The specified module could not be found.)) in Unknown on line 0
[23-Aug-2019 19:18:02 UTC] PHP Warning:  PHP Startup: Unable to load dynamic library 'pdo_oci' (tried: ext\pdo_oci (The specified module could not be found.), ext\php_pdo_oci.dll (The specified module could not be found.)) in Unknown on line 0
[23-Aug-2019 19:18:02 UTC] PHP Warning:  PHP Startup: Unable to load dynamic library 'excel' (tried: ext\excel (The specified module could not be found.), ext\php_excel.dll (The specified module could not be found.)) in Unknown on line 0
[23-Aug-2019 19:18:02 UTC] PHP Warning:  Module 'imagick' already loaded in Unknown on line 0
[23-Aug-2019 19:18:02 UTC] PHP Warning:  PHP Startup: Unable to load dynamic library 'pdflib' (tried: ext\pdflib (The specified module could not be found.), ext\php_pdflib.dll (The specified module could not be found.)) in Unknown on line 0
[23-Aug-2019 19:18:02 UTC] PHP Warning:  PHP Startup: Unable to load dynamic library 'oci8_12c' (tried: ext\oci8_12c (The specified module could not be found.), ext\php_oci8_12c.dll (The specified module could not be found.)) in Unknown on line 0
[23-Aug-2019 19:18:02 UTC] PHP Warning:  PHP Startup: Unable to load dynamic library 'pdo_oci' (tried: ext\pdo_oci (The specified module could not be found.), ext\php_pdo_oci.dll (The specified module could not be found.)) in Unknown on line 0
[23-Aug-2019 19:18:02 UTC] PHP Warning:  PHP Startup: Unable to load dynamic library 'excel' (tried: ext\excel (The specified module could not be found.), ext\php_excel.dll (The specified module could not be found.)) in Unknown on line 0
[23-Aug-2019 19:18:02 UTC] PHP Warning:  Module 'imagick' already loaded in Unknown on line 0
[23-Aug-2019 19:18:02 UTC] PHP Warning:  PHP Startup: Unable to load dynamic library 'pdflib' (tried: ext\pdflib (The specified module could not be found.), ext\php_pdflib.dll (The specified module could not be found.)) in Unknown on line 0
[23-Aug-2019 19:19:02 UTC] PHP Warning:  PHP Startup: Unable to load dynamic library 'oci8_12c' (tried: ext\oci8_12c (The specified module could not be found.), ext\php_oci8_12c.dll (The specified module could not be found.)) in Unknown on line 0
[23-Aug-2019 19:19:02 UTC] PHP Warning:  PHP Startup: Unable to load dynamic library 'pdo_oci' (tried: ext\pdo_oci (The specified module could not be found.), ext\php_pdo_oci.dll (The specified module could not be found.)) in Unknown on line 0
[23-Aug-2019 19:19:02 UTC] PHP Warning:  PHP Startup: Unable to load dynamic library 'excel' (tried: ext\excel (The specified module could not be found.), ext\php_excel.dll (The specified module could not be found.)) in Unknown on line 0
[23-Aug-2019 19:19:02 UTC] PHP Warning:  Module 'imagick' already loaded in Unknown on line 0
[23-Aug-2019 19:19:02 UTC] PHP Warning:  PHP Startup: Unable to load dynamic library 'pdflib' (tried: ext\pdflib (The specified module could not be found.), ext\php_pdflib.dll (The specified module could not be found.)) in Unknown on line 0
[23-Aug-2019 19:19:04 UTC] PHP Warning:  PHP Startup: Unable to load dynamic library 'oci8_12c' (tried: ext\oci8_12c (The specified module could not be found.), ext\php_oci8_12c.dll (The specified module could not be found.)) in Unknown on line 0
[23-Aug-2019 19:19:04 UTC] PHP Warning:  PHP Startup: Unable to load dynamic library 'pdo_oci' (tried: ext\pdo_oci (The specified module could not be found.), ext\php_pdo_oci.dll (The specified module could not be found.)) in Unknown on line 0
[23-Aug-2019 19:19:04 UTC] PHP Warning:  PHP Startup: Unable to load dynamic library 'excel' (tried: ext\excel (The specified module could not be found.), ext\php_excel.dll (The specified module could not be found.)) in Unknown on line 0
[23-Aug-2019 19:19:04 UTC] PHP Warning:  Module 'imagick' already loaded in Unknown on line 0
[23-Aug-2019 19:19:04 UTC] PHP Warning:  PHP Startup: Unable to load dynamic library 'pdflib' (tried: ext\pdflib (The specified module could not be found.), ext\php_pdflib.dll (The specified module could not be found.)) in Unknown on line 0
[23-Aug-2019 19:20:36 UTC] PHP Warning:  PHP Startup: Unable to load dynamic library 'oci8_12c' (tried: ext\oci8_12c (The specified module could not be found.), ext\php_oci8_12c.dll (The specified module could not be found.)) in Unknown on line 0
[23-Aug-2019 19:20:36 UTC] PHP Warning:  PHP Startup: Unable to load dynamic library 'pdo_oci' (tried: ext\pdo_oci (The specified module could not be found.), ext\php_pdo_oci.dll (The specified module could not be found.)) in Unknown on line 0
[23-Aug-2019 19:20:36 UTC] PHP Warning:  PHP Startup: Unable to load dynamic library 'excel' (tried: ext\excel (The specified module could not be found.), ext\php_excel.dll (The specified module could not be found.)) in Unknown on line 0
[23-Aug-2019 19:20:36 UTC] PHP Warning:  Module 'imagick' already loaded in Unknown on line 0
[23-Aug-2019 19:20:36 UTC] PHP Warning:  PHP Startup: Unable to load dynamic library 'pdflib' (tried: ext\pdflib (The specified module could not be found.), ext\php_pdflib.dll (The specified module could not be found.)) in Unknown on line 0
[23-Aug-2019 19:21:03 UTC] PHP Warning:  PHP Startup: Unable to load dynamic library 'oci8_12c' (tried: ext\oci8_12c (The specified module could not be found.), ext\php_oci8_12c.dll (The specified module could not be found.)) in Unknown on line 0
[23-Aug-2019 19:21:03 UTC] PHP Warning:  PHP Startup: Unable to load dynamic library 'pdo_oci' (tried: ext\pdo_oci (The specified module could not be found.), ext\php_pdo_oci.dll (The specified module could not be found.)) in Unknown on line 0
[23-Aug-2019 19:21:03 UTC] PHP Warning:  PHP Startup: Unable to load dynamic library 'excel' (tried: ext\excel (The specified module could not be found.), ext\php_excel.dll (The specified module could not be found.)) in Unknown on line 0
[23-Aug-2019 19:21:03 UTC] PHP Warning:  Module 'imagick' already loaded in Unknown on line 0
[23-Aug-2019 19:21:03 UTC] PHP Warning:  PHP Startup: Unable to load dynamic library 'pdflib' (tried: ext\pdflib (The specified module could not be found.), ext\php_pdflib.dll (The specified module could not be found.)) in Unknown on line 0
[23-Aug-2019 19:45:48 UTC] PHP Warning:  PHP Startup: Unable to load dynamic library 'oci8_12c' (tried: ext\oci8_12c (The specified module could not be found.), ext\php_oci8_12c.dll (The specified module could not be found.)) in Unknown on line 0
[23-Aug-2019 19:45:48 UTC] PHP Warning:  PHP Startup: Unable to load dynamic library 'pdo_oci' (tried: ext\pdo_oci (The specified module could not be found.), ext\php_pdo_oci.dll (The specified module could not be found.)) in Unknown on line 0
[23-Aug-2019 19:45:48 UTC] PHP Warning:  PHP Startup: Unable to load dynamic library 'excel' (tried: ext\excel (The specified module could not be found.), ext\php_excel.dll (The specified module could not be found.)) in Unknown on line 0
[23-Aug-2019 19:45:48 UTC] PHP Warning:  Module 'imagick' already loaded in Unknown on line 0
[23-Aug-2019 19:45:48 UTC] PHP Warning:  PHP Startup: Unable to load dynamic library 'pdflib' (tried: ext\pdflib (The specified module could not be found.), ext\php_pdflib.dll (The specified module could not be found.)) in Unknown on line 0
[23-Aug-2019 19:45:48 UTC] PHP Warning:  PHP Startup: Unable to load dynamic library 'oci8_12c' (tried: ext\oci8_12c (The specified module could not be found.), ext\php_oci8_12c.dll (The specified module could not be found.)) in Unknown on line 0
[23-Aug-2019 19:45:48 UTC] PHP Warning:  PHP Startup: Unable to load dynamic library 'pdo_oci' (tried: ext\pdo_oci (The specified module could not be found.), ext\php_pdo_oci.dll (The specified module could not be found.)) in Unknown on line 0
[23-Aug-2019 19:45:48 UTC] PHP Warning:  PHP Startup: Unable to load dynamic library 'excel' (tried: ext\excel (The specified module could not be found.), ext\php_excel.dll (The specified module could not be found.)) in Unknown on line 0
[23-Aug-2019 19:45:48 UTC] PHP Warning:  Module 'imagick' already loaded in Unknown on line 0
[23-Aug-2019 19:45:48 UTC] PHP Warning:  PHP Startup: Unable to load dynamic library 'pdflib' (tried: ext\pdflib (The specified module could not be found.), ext\php_pdflib.dll (The specified module could not be found.)) in Unknown on line 0
[23-Aug-2019 20:57:12 UTC] PHP Warning:  PHP Startup: Unable to load dynamic library 'oci8_12c' (tried: ext\oci8_12c (The specified module could not be found.), ext\php_oci8_12c.dll (The specified module could not be found.)) in Unknown on line 0
[23-Aug-2019 20:57:12 UTC] PHP Warning:  PHP Startup: Unable to load dynamic library 'pdo_oci' (tried: ext\pdo_oci (The specified module could not be found.), ext\php_pdo_oci.dll (The specified module could not be found.)) in Unknown on line 0
[23-Aug-2019 20:57:12 UTC] PHP Warning:  PHP Startup: Unable to load dynamic library 'excel' (tried: ext\excel (The specified module could not be found.), ext\php_excel.dll (The specified module could not be found.)) in Unknown on line 0
[23-Aug-2019 20:57:12 UTC] PHP Warning:  Module 'imagick' already loaded in Unknown on line 0
[23-Aug-2019 20:57:12 UTC] PHP Warning:  PHP Startup: Unable to load dynamic library 'pdflib' (tried: ext\pdflib (The specified module could not be found.), ext\php_pdflib.dll (The specified module could not be found.)) in Unknown on line 0
[23-Aug-2019 20:57:12 UTC] PHP Warning:  PHP Startup: Unable to load dynamic library 'oci8_12c' (tried: ext\oci8_12c (The specified module could not be found.), ext\php_oci8_12c.dll (The specified module could not be found.)) in Unknown on line 0
[23-Aug-2019 20:57:12 UTC] PHP Warning:  PHP Startup: Unable to load dynamic library 'pdo_oci' (tried: ext\pdo_oci (The specified module could not be found.), ext\php_pdo_oci.dll (The specified module could not be found.)) in Unknown on line 0
[23-Aug-2019 20:57:12 UTC] PHP Warning:  PHP Startup: Unable to load dynamic library 'excel' (tried: ext\excel (The specified module could not be found.), ext\php_excel.dll (The specified module could not be found.)) in Unknown on line 0
[23-Aug-2019 20:57:12 UTC] PHP Warning:  Module 'imagick' already loaded in Unknown on line 0
[23-Aug-2019 20:57:12 UTC] PHP Warning:  PHP Startup: Unable to load dynamic library 'pdflib' (tried: ext\pdflib (The specified module could not be found.), ext\php_pdflib.dll (The specified module could not be found.)) in Unknown on line 0
[23-Aug-2019 20:58:07 UTC] PHP Warning:  PHP Startup: Unable to load dynamic library 'oci8_12c' (tried: ext\oci8_12c (The specified module could not be found.), ext\php_oci8_12c.dll (The specified module could not be found.)) in Unknown on line 0
[23-Aug-2019 20:58:07 UTC] PHP Warning:  PHP Startup: Unable to load dynamic library 'pdo_oci' (tried: ext\pdo_oci (The specified module could not be found.), ext\php_pdo_oci.dll (The specified module could not be found.)) in Unknown on line 0
[23-Aug-2019 20:58:07 UTC] PHP Warning:  PHP Startup: Unable to load dynamic library 'excel' (tried: ext\excel (The specified module could not be found.), ext\php_excel.dll (The specified module could not be found.)) in Unknown on line 0
[23-Aug-2019 20:58:07 UTC] PHP Warning:  Module 'imagick' already loaded in Unknown on line 0
[23-Aug-2019 20:58:07 UTC] PHP Warning:  PHP Startup: Unable to load dynamic library 'pdflib' (tried: ext\pdflib (The specified module could not be found.), ext\php_pdflib.dll (The specified module could not be found.)) in Unknown on line 0
[23-Aug-2019 21:00:24 UTC] PHP Warning:  PHP Startup: Unable to load dynamic library 'oci8_12c' (tried: ext\oci8_12c (The specified module could not be found.), ext\php_oci8_12c.dll (The specified module could not be found.)) in Unknown on line 0
[23-Aug-2019 21:00:24 UTC] PHP Warning:  PHP Startup: Unable to load dynamic library 'pdo_oci' (tried: ext\pdo_oci (The specified module could not be found.), ext\php_pdo_oci.dll (The specified module could not be found.)) in Unknown on line 0
[23-Aug-2019 21:00:24 UTC] PHP Warning:  PHP Startup: Unable to load dynamic library 'excel' (tried: ext\excel (The specified module could not be found.), ext\php_excel.dll (The specified module could not be found.)) in Unknown on line 0
[23-Aug-2019 21:00:24 UTC] PHP Warning:  Module 'imagick' already loaded in Unknown on line 0
[23-Aug-2019 21:00:24 UTC] PHP Warning:  PHP Startup: Unable to load dynamic library 'pdflib' (tried: ext\pdflib (The specified module could not be found.), ext\php_pdflib.dll (The specified module could not be found.)) in Unknown on line 0
[23-Aug-2019 21:00:24 UTC] PHP Warning:  PHP Startup: Unable to load dynamic library 'oci8_12c' (tried: ext\oci8_12c (The specified module could not be found.), ext\php_oci8_12c.dll (The specified module could not be found.)) in Unknown on line 0
[23-Aug-2019 21:00:24 UTC] PHP Warning:  PHP Startup: Unable to load dynamic library 'pdo_oci' (tried: ext\pdo_oci (The specified module could not be found.), ext\php_pdo_oci.dll (The specified module could not be found.)) in Unknown on line 0
[23-Aug-2019 21:00:25 UTC] PHP Warning:  PHP Startup: Unable to load dynamic library 'excel' (tried: ext\excel (The specified module could not be found.), ext\php_excel.dll (The specified module could not be found.)) in Unknown on line 0
[23-Aug-2019 21:00:25 UTC] PHP Warning:  Module 'imagick' already loaded in Unknown on line 0
[23-Aug-2019 21:00:25 UTC] PHP Warning:  PHP Startup: Unable to load dynamic library 'pdflib' (tried: ext\pdflib (The specified module could not be found.), ext\php_pdflib.dll (The specified module could not be found.)) in Unknown on line 0
[23-Aug-2019 21:00:52 UTC] PHP Warning:  PHP Startup: Unable to load dynamic library 'oci8_12c' (tried: ext\oci8_12c (The specified module could not be found.), ext\php_oci8_12c.dll (The specified module could not be found.)) in Unknown on line 0
[23-Aug-2019 21:00:52 UTC] PHP Warning:  PHP Startup: Unable to load dynamic library 'pdo_oci' (tried: ext\pdo_oci (The specified module could not be found.), ext\php_pdo_oci.dll (The specified module could not be found.)) in Unknown on line 0
[23-Aug-2019 21:00:52 UTC] PHP Warning:  PHP Startup: Unable to load dynamic library 'excel' (tried: ext\excel (The specified module could not be found.), ext\php_excel.dll (The specified module could not be found.)) in Unknown on line 0
[23-Aug-2019 21:00:52 UTC] PHP Warning:  Module 'imagick' already loaded in Unknown on line 0
[23-Aug-2019 21:00:52 UTC] PHP Warning:  PHP Startup: Unable to load dynamic library 'pdflib' (tried: ext\pdflib (The specified module could not be found.), ext\php_pdflib.dll (The specified module could not be found.)) in Unknown on line 0
[23-Aug-2019 21:00:53 UTC] PHP Warning:  PHP Startup: Unable to load dynamic library 'oci8_12c' (tried: ext\oci8_12c (The specified module could not be found.), ext\php_oci8_12c.dll (The specified module could not be found.)) in Unknown on line 0
[23-Aug-2019 21:00:53 UTC] PHP Warning:  PHP Startup: Unable to load dynamic library 'pdo_oci' (tried: ext\pdo_oci (The specified module could not be found.), ext\php_pdo_oci.dll (The specified module could not be found.)) in Unknown on line 0
[23-Aug-2019 21:00:54 UTC] PHP Warning:  PHP Startup: Unable to load dynamic library 'excel' (tried: ext\excel (The specified module could not be found.), ext\php_excel.dll (The specified module could not be found.)) in Unknown on line 0
[23-Aug-2019 21:00:54 UTC] PHP Warning:  Module 'imagick' already loaded in Unknown on line 0
[23-Aug-2019 21:00:54 UTC] PHP Warning:  PHP Startup: Unable to load dynamic library 'pdflib' (tried: ext\pdflib (The specified module could not be found.), ext\php_pdflib.dll (The specified module could not be found.)) in Unknown on line 0
[23-Aug-2019 21:01:03 UTC] PHP Warning:  PHP Startup: Unable to load dynamic library 'oci8_12c' (tried: ext\oci8_12c (The specified module could not be found.), ext\php_oci8_12c.dll (The specified module could not be found.)) in Unknown on line 0
[23-Aug-2019 21:01:03 UTC] PHP Warning:  PHP Startup: Unable to load dynamic library 'pdo_oci' (tried: ext\pdo_oci (The specified module could not be found.), ext\php_pdo_oci.dll (The specified module could not be found.)) in Unknown on line 0
[23-Aug-2019 21:01:03 UTC] PHP Warning:  PHP Startup: Unable to load dynamic library 'excel' (tried: ext\excel (The specified module could not be found.), ext\php_excel.dll (The specified module could not be found.)) in Unknown on line 0
[23-Aug-2019 21:01:03 UTC] PHP Warning:  Module 'imagick' already loaded in Unknown on line 0
[23-Aug-2019 21:01:03 UTC] PHP Warning:  PHP Startup: Unable to load dynamic library 'pdflib' (tried: ext\pdflib (The specified module could not be found.), ext\php_pdflib.dll (The specified module could not be found.)) in Unknown on line 0
[23-Aug-2019 21:06:12 UTC] PHP Warning:  PHP Startup: Unable to load dynamic library 'oci8_12c' (tried: ext\oci8_12c (The specified module could not be found.), ext\php_oci8_12c.dll (The specified module could not be found.)) in Unknown on line 0
[23-Aug-2019 21:06:12 UTC] PHP Warning:  PHP Startup: Unable to load dynamic library 'pdo_oci' (tried: ext\pdo_oci (The specified module could not be found.), ext\php_pdo_oci.dll (The specified module could not be found.)) in Unknown on line 0
[23-Aug-2019 21:06:12 UTC] PHP Warning:  PHP Startup: Unable to load dynamic library 'excel' (tried: ext\excel (The specified module could not be found.), ext\php_excel.dll (The specified module could not be found.)) in Unknown on line 0
[23-Aug-2019 21:06:12 UTC] PHP Warning:  Module 'imagick' already loaded in Unknown on line 0
[23-Aug-2019 21:06:12 UTC] PHP Warning:  PHP Startup: Unable to load dynamic library 'pdflib' (tried: ext\pdflib (The specified module could not be found.), ext\php_pdflib.dll (The specified module could not be found.)) in Unknown on line 0
[26-Aug-2019 17:40:40 UTC] PHP Warning:  PHP Startup: Unable to load dynamic library 'oci8_12c' (tried: ext\oci8_12c (The specified module could not be found.), ext\php_oci8_12c.dll (The specified module could not be found.)) in Unknown on line 0
[26-Aug-2019 17:40:41 UTC] PHP Warning:  PHP Startup: Unable to load dynamic library 'pdo_oci' (tried: ext\pdo_oci (The specified module could not be found.), ext\php_pdo_oci.dll (The specified module could not be found.)) in Unknown on line 0
[26-Aug-2019 17:40:49 UTC] PHP Warning:  PHP Startup: Unable to load dynamic library 'excel' (tried: ext\excel (The specified module could not be found.), ext\php_excel.dll (The specified module could not be found.)) in Unknown on line 0
[26-Aug-2019 17:40:51 UTC] PHP Warning:  Module 'imagick' already loaded in Unknown on line 0
[26-Aug-2019 17:40:56 UTC] PHP Warning:  PHP Startup: Unable to load dynamic library 'pdflib' (tried: ext\pdflib (The specified module could not be found.), ext\php_pdflib.dll (The specified module could not be found.)) in Unknown on line 0
[26-Aug-2019 17:41:12 UTC] PHP Warning:  PHP Startup: Unable to load dynamic library 'oci8_12c' (tried: ext\oci8_12c (The specified module could not be found.), ext\php_oci8_12c.dll (The specified module could not be found.)) in Unknown on line 0
[26-Aug-2019 17:41:12 UTC] PHP Warning:  PHP Startup: Unable to load dynamic library 'pdo_oci' (tried: ext\pdo_oci (The specified module could not be found.), ext\php_pdo_oci.dll (The specified module could not be found.)) in Unknown on line 0
[26-Aug-2019 17:41:12 UTC] PHP Warning:  PHP Startup: Unable to load dynamic library 'excel' (tried: ext\excel (The specified module could not be found.), ext\php_excel.dll (The specified module could not be found.)) in Unknown on line 0
[26-Aug-2019 17:41:12 UTC] PHP Warning:  Module 'imagick' already loaded in Unknown on line 0
[26-Aug-2019 17:41:12 UTC] PHP Warning:  PHP Startup: Unable to load dynamic library 'pdflib' (tried: ext\pdflib (The specified module could not be found.), ext\php_pdflib.dll (The specified module could not be found.)) in Unknown on line 0
[26-Aug-2019 17:42:16 UTC] PHP Warning:  PHP Startup: Unable to load dynamic library 'oci8_12c' (tried: ext\oci8_12c (The specified module could not be found.), ext\php_oci8_12c.dll (The specified module could not be found.)) in Unknown on line 0
[26-Aug-2019 17:42:16 UTC] PHP Warning:  PHP Startup: Unable to load dynamic library 'pdo_oci' (tried: ext\pdo_oci (The specified module could not be found.), ext\php_pdo_oci.dll (The specified module could not be found.)) in Unknown on line 0
[26-Aug-2019 17:42:17 UTC] PHP Warning:  PHP Startup: Unable to load dynamic library 'excel' (tried: ext\excel (The specified module could not be found.), ext\php_excel.dll (The specified module could not be found.)) in Unknown on line 0
[26-Aug-2019 17:42:17 UTC] PHP Warning:  Module 'imagick' already loaded in Unknown on line 0
[26-Aug-2019 17:42:17 UTC] PHP Warning:  PHP Startup: Unable to load dynamic library 'pdflib' (tried: ext\pdflib (The specified module could not be found.), ext\php_pdflib.dll (The specified module could not be found.)) in Unknown on line 0
[26-Aug-2019 18:05:31 UTC] PHP Warning:  PHP Startup: Unable to load dynamic library 'oci8_12c' (tried: ext\oci8_12c (The specified module could not be found.), ext\php_oci8_12c.dll (The specified module could not be found.)) in Unknown on line 0
[26-Aug-2019 18:05:31 UTC] PHP Warning:  PHP Startup: Unable to load dynamic library 'pdo_oci' (tried: ext\pdo_oci (The specified module could not be found.), ext\php_pdo_oci.dll (The specified module could not be found.)) in Unknown on line 0
[26-Aug-2019 18:05:32 UTC] PHP Warning:  PHP Startup: Unable to load dynamic library 'excel' (tried: ext\excel (The specified module could not be found.), ext\php_excel.dll (The specified module could not be found.)) in Unknown on line 0
[26-Aug-2019 18:05:32 UTC] PHP Warning:  Module 'imagick' already loaded in Unknown on line 0
[26-Aug-2019 18:05:32 UTC] PHP Warning:  PHP Startup: Unable to load dynamic library 'pdflib' (tried: ext\pdflib (The specified module could not be found.), ext\php_pdflib.dll (The specified module could not be found.)) in Unknown on line 0
[26-Aug-2019 19:07:51 UTC] PHP Warning:  PHP Startup: Unable to load dynamic library 'oci8_12c' (tried: ext\oci8_12c (The specified module could not be found.), ext\php_oci8_12c.dll (The specified module could not be found.)) in Unknown on line 0
[26-Aug-2019 19:07:51 UTC] PHP Warning:  PHP Startup: Unable to load dynamic library 'pdo_oci' (tried: ext\pdo_oci (The specified module could not be found.), ext\php_pdo_oci.dll (The specified module could not be found.)) in Unknown on line 0
[26-Aug-2019 19:07:51 UTC] PHP Warning:  PHP Startup: Unable to load dynamic library 'excel' (tried: ext\excel (The specified module could not be found.), ext\php_excel.dll (The specified module could not be found.)) in Unknown on line 0
[26-Aug-2019 19:07:51 UTC] PHP Warning:  Module 'imagick' already loaded in Unknown on line 0
[26-Aug-2019 19:07:51 UTC] PHP Warning:  PHP Startup: Unable to load dynamic library 'pdflib' (tried: ext\pdflib (The specified module could not be found.), ext\php_pdflib.dll (The specified module could not be found.)) in Unknown on line 0
[26-Aug-2019 20:22:58 UTC] PHP Warning:  PHP Startup: Unable to load dynamic library 'oci8_12c' (tried: ext\oci8_12c (The specified module could not be found.), ext\php_oci8_12c.dll (The specified module could not be found.)) in Unknown on line 0
[26-Aug-2019 20:22:58 UTC] PHP Warning:  PHP Startup: Unable to load dynamic library 'pdo_oci' (tried: ext\pdo_oci (The specified module could not be found.), ext\php_pdo_oci.dll (The specified module could not be found.)) in Unknown on line 0
[26-Aug-2019 20:22:58 UTC] PHP Warning:  PHP Startup: Unable to load dynamic library 'excel' (tried: ext\excel (The specified module could not be found.), ext\php_excel.dll (The specified module could not be found.)) in Unknown on line 0
[26-Aug-2019 20:22:58 UTC] PHP Warning:  Module 'imagick' already loaded in Unknown on line 0
[26-Aug-2019 20:22:58 UTC] PHP Warning:  PHP Startup: Unable to load dynamic library 'pdflib' (tried: ext\pdflib (The specified module could not be found.), ext\php_pdflib.dll (The specified module could not be found.)) in Unknown on line 0
[27-Aug-2019 00:33:51 UTC] PHP Warning:  PHP Startup: Unable to load dynamic library 'oci8_12c' (tried: ext\oci8_12c (The specified module could not be found.), ext\php_oci8_12c.dll (The specified module could not be found.)) in Unknown on line 0
[27-Aug-2019 00:33:51 UTC] PHP Warning:  PHP Startup: Unable to load dynamic library 'pdo_oci' (tried: ext\pdo_oci (The specified module could not be found.), ext\php_pdo_oci.dll (The specified module could not be found.)) in Unknown on line 0
[27-Aug-2019 00:33:51 UTC] PHP Warning:  PHP Startup: Unable to load dynamic library 'excel' (tried: ext\excel (The specified module could not be found.), ext\php_excel.dll (The specified module could not be found.)) in Unknown on line 0
[27-Aug-2019 00:33:51 UTC] PHP Warning:  Module 'imagick' already loaded in Unknown on line 0
[27-Aug-2019 00:33:51 UTC] PHP Warning:  PHP Startup: Unable to load dynamic library 'pdflib' (tried: ext\pdflib (The specified module could not be found.), ext\php_pdflib.dll (The specified module could not be found.)) in Unknown on line 0
[27-Aug-2019 00:33:51 UTC] PHP Warning:  PHP Startup: Unable to load dynamic library 'oci8_12c' (tried: ext\oci8_12c (The specified module could not be found.), ext\php_oci8_12c.dll (The specified module could not be found.)) in Unknown on line 0
[27-Aug-2019 00:33:51 UTC] PHP Warning:  PHP Startup: Unable to load dynamic library 'pdo_oci' (tried: ext\pdo_oci (The specified module could not be found.), ext\php_pdo_oci.dll (The specified module could not be found.)) in Unknown on line 0
[27-Aug-2019 00:33:51 UTC] PHP Warning:  PHP Startup: Unable to load dynamic library 'excel' (tried: ext\excel (The specified module could not be found.), ext\php_excel.dll (The specified module could not be found.)) in Unknown on line 0
[27-Aug-2019 00:33:51 UTC] PHP Warning:  Module 'imagick' already loaded in Unknown on line 0
[27-Aug-2019 00:33:51 UTC] PHP Warning:  PHP Startup: Unable to load dynamic library 'pdflib' (tried: ext\pdflib (The specified module could not be found.), ext\php_pdflib.dll (The specified module could not be found.)) in Unknown on line 0
[27-Aug-2019 00:45:37 UTC] PHP Warning:  PHP Startup: Unable to load dynamic library 'oci8_12c' (tried: ext\oci8_12c (The specified module could not be found.), ext\php_oci8_12c.dll (The specified module could not be found.)) in Unknown on line 0
[27-Aug-2019 00:45:37 UTC] PHP Warning:  PHP Startup: Unable to load dynamic library 'pdo_oci' (tried: ext\pdo_oci (The specified module could not be found.), ext\php_pdo_oci.dll (The specified module could not be found.)) in Unknown on line 0
[27-Aug-2019 00:45:37 UTC] PHP Warning:  PHP Startup: Unable to load dynamic library 'excel' (tried: ext\excel (The specified module could not be found.), ext\php_excel.dll (The specified module could not be found.)) in Unknown on line 0
[27-Aug-2019 00:45:37 UTC] PHP Warning:  Module 'imagick' already loaded in Unknown on line 0
[27-Aug-2019 00:45:37 UTC] PHP Warning:  PHP Startup: Unable to load dynamic library 'pdflib' (tried: ext\pdflib (The specified module could not be found.), ext\php_pdflib.dll (The specified module could not be found.)) in Unknown on line 0
[27-Aug-2019 00:45:40 UTC] PHP Warning:  PHP Startup: Unable to load dynamic library 'oci8_12c' (tried: ext\oci8_12c (The specified module could not be found.), ext\php_oci8_12c.dll (The specified module could not be found.)) in Unknown on line 0
[27-Aug-2019 00:45:40 UTC] PHP Warning:  PHP Startup: Unable to load dynamic library 'pdo_oci' (tried: ext\pdo_oci (The specified module could not be found.), ext\php_pdo_oci.dll (The specified module could not be found.)) in Unknown on line 0
[27-Aug-2019 00:45:40 UTC] PHP Warning:  PHP Startup: Unable to load dynamic library 'excel' (tried: ext\excel (The specified module could not be found.), ext\php_excel.dll (The specified module could not be found.)) in Unknown on line 0
[27-Aug-2019 00:45:40 UTC] PHP Warning:  Module 'imagick' already loaded in Unknown on line 0
[27-Aug-2019 00:45:40 UTC] PHP Warning:  PHP Startup: Unable to load dynamic library 'pdflib' (tried: ext\pdflib (The specified module could not be found.), ext\php_pdflib.dll (The specified module could not be found.)) in Unknown on line 0
[27-Aug-2019 00:47:47 UTC] PHP Warning:  PHP Startup: Unable to load dynamic library 'oci8_12c' (tried: ext\oci8_12c (The specified module could not be found.), ext\php_oci8_12c.dll (The specified module could not be found.)) in Unknown on line 0
[27-Aug-2019 00:47:47 UTC] PHP Warning:  PHP Startup: Unable to load dynamic library 'pdo_oci' (tried: ext\pdo_oci (The specified module could not be found.), ext\php_pdo_oci.dll (The specified module could not be found.)) in Unknown on line 0
[27-Aug-2019 00:47:47 UTC] PHP Warning:  PHP Startup: Unable to load dynamic library 'excel' (tried: ext\excel (The specified module could not be found.), ext\php_excel.dll (The specified module could not be found.)) in Unknown on line 0
[27-Aug-2019 00:47:47 UTC] PHP Warning:  Module 'imagick' already loaded in Unknown on line 0
[27-Aug-2019 00:47:47 UTC] PHP Warning:  PHP Startup: Unable to load dynamic library 'pdflib' (tried: ext\pdflib (The specified module could not be found.), ext\php_pdflib.dll (The specified module could not be found.)) in Unknown on line 0
[27-Aug-2019 00:48:34 UTC] PHP Warning:  PHP Startup: Unable to load dynamic library 'oci8_12c' (tried: ext\oci8_12c (The specified module could not be found.), ext\php_oci8_12c.dll (The specified module could not be found.)) in Unknown on line 0
[27-Aug-2019 00:48:34 UTC] PHP Warning:  PHP Startup: Unable to load dynamic library 'pdo_oci' (tried: ext\pdo_oci (The specified module could not be found.), ext\php_pdo_oci.dll (The specified module could not be found.)) in Unknown on line 0
[27-Aug-2019 00:48:34 UTC] PHP Warning:  PHP Startup: Unable to load dynamic library 'excel' (tried: ext\excel (The specified module could not be found.), ext\php_excel.dll (The specified module could not be found.)) in Unknown on line 0
[27-Aug-2019 00:48:34 UTC] PHP Warning:  Module 'imagick' already loaded in Unknown on line 0
[27-Aug-2019 00:48:34 UTC] PHP Warning:  PHP Startup: Unable to load dynamic library 'pdflib' (tried: ext\pdflib (The specified module could not be found.), ext\php_pdflib.dll (The specified module could not be found.)) in Unknown on line 0
[27-Aug-2019 00:48:34 UTC] PHP Warning:  PHP Startup: Unable to load dynamic library 'oci8_12c' (tried: ext\oci8_12c (The specified module could not be found.), ext\php_oci8_12c.dll (The specified module could not be found.)) in Unknown on line 0
[27-Aug-2019 00:48:34 UTC] PHP Warning:  PHP Startup: Unable to load dynamic library 'pdo_oci' (tried: ext\pdo_oci (The specified module could not be found.), ext\php_pdo_oci.dll (The specified module could not be found.)) in Unknown on line 0
[27-Aug-2019 00:48:34 UTC] PHP Warning:  PHP Startup: Unable to load dynamic library 'excel' (tried: ext\excel (The specified module could not be found.), ext\php_excel.dll (The specified module could not be found.)) in Unknown on line 0
[27-Aug-2019 00:48:34 UTC] PHP Warning:  Module 'imagick' already loaded in Unknown on line 0
[27-Aug-2019 00:48:34 UTC] PHP Warning:  PHP Startup: Unable to load dynamic library 'pdflib' (tried: ext\pdflib (The specified module could not be found.), ext\php_pdflib.dll (The specified module could not be found.)) in Unknown on line 0
[27-Aug-2019 00:50:35 UTC] PHP Warning:  PHP Startup: Unable to load dynamic library 'oci8_12c' (tried: ext\oci8_12c (The specified module could not be found.), ext\php_oci8_12c.dll (The specified module could not be found.)) in Unknown on line 0
[27-Aug-2019 00:50:35 UTC] PHP Warning:  PHP Startup: Unable to load dynamic library 'pdo_oci' (tried: ext\pdo_oci (The specified module could not be found.), ext\php_pdo_oci.dll (The specified module could not be found.)) in Unknown on line 0
[27-Aug-2019 00:50:35 UTC] PHP Warning:  PHP Startup: Unable to load dynamic library 'excel' (tried: ext\excel (The specified module could not be found.), ext\php_excel.dll (The specified module could not be found.)) in Unknown on line 0
[27-Aug-2019 00:50:35 UTC] PHP Warning:  Module 'imagick' already loaded in Unknown on line 0
[27-Aug-2019 00:50:35 UTC] PHP Warning:  PHP Startup: Unable to load dynamic library 'pdflib' (tried: ext\pdflib (The specified module could not be found.), ext\php_pdflib.dll (The specified module could not be found.)) in Unknown on line 0
[27-Aug-2019 00:50:39 UTC] PHP Warning:  PHP Startup: Unable to load dynamic library 'oci8_12c' (tried: ext\oci8_12c (The specified module could not be found.), ext\php_oci8_12c.dll (The specified module could not be found.)) in Unknown on line 0
[27-Aug-2019 00:50:39 UTC] PHP Warning:  PHP Startup: Unable to load dynamic library 'pdo_oci' (tried: ext\pdo_oci (The specified module could not be found.), ext\php_pdo_oci.dll (The specified module could not be found.)) in Unknown on line 0
[27-Aug-2019 00:50:39 UTC] PHP Warning:  PHP Startup: Unable to load dynamic library 'excel' (tried: ext\excel (The specified module could not be found.), ext\php_excel.dll (The specified module could not be found.)) in Unknown on line 0
[27-Aug-2019 00:50:39 UTC] PHP Warning:  Module 'imagick' already loaded in Unknown on line 0
[27-Aug-2019 00:50:39 UTC] PHP Warning:  PHP Startup: Unable to load dynamic library 'pdflib' (tried: ext\pdflib (The specified module could not be found.), ext\php_pdflib.dll (The specified module could not be found.)) in Unknown on line 0
[27-Aug-2019 00:58:47 UTC] PHP Warning:  PHP Startup: Unable to load dynamic library 'oci8_12c' (tried: ext\oci8_12c (The specified module could not be found.), ext\php_oci8_12c.dll (The specified module could not be found.)) in Unknown on line 0
[27-Aug-2019 00:58:47 UTC] PHP Warning:  PHP Startup: Unable to load dynamic library 'pdo_oci' (tried: ext\pdo_oci (The specified module could not be found.), ext\php_pdo_oci.dll (The specified module could not be found.)) in Unknown on line 0
[27-Aug-2019 00:58:48 UTC] PHP Warning:  PHP Startup: Unable to load dynamic library 'excel' (tried: ext\excel (The specified module could not be found.), ext\php_excel.dll (The specified module could not be found.)) in Unknown on line 0
[27-Aug-2019 00:58:48 UTC] PHP Warning:  Module 'imagick' already loaded in Unknown on line 0
[27-Aug-2019 00:58:48 UTC] PHP Warning:  PHP Startup: Unable to load dynamic library 'pdflib' (tried: ext\pdflib (The specified module could not be found.), ext\php_pdflib.dll (The specified module could not be found.)) in Unknown on line 0
[27-Aug-2019 00:59:30 UTC] PHP Warning:  PHP Startup: Unable to load dynamic library 'oci8_12c' (tried: ext\oci8_12c (The specified module could not be found.), ext\php_oci8_12c.dll (The specified module could not be found.)) in Unknown on line 0
[27-Aug-2019 00:59:30 UTC] PHP Warning:  PHP Startup: Unable to load dynamic library 'pdo_oci' (tried: ext\pdo_oci (The specified module could not be found.), ext\php_pdo_oci.dll (The specified module could not be found.)) in Unknown on line 0
[27-Aug-2019 00:59:31 UTC] PHP Warning:  PHP Startup: Unable to load dynamic library 'excel' (tried: ext\excel (The specified module could not be found.), ext\php_excel.dll (The specified module could not be found.)) in Unknown on line 0
[27-Aug-2019 00:59:31 UTC] PHP Warning:  Module 'imagick' already loaded in Unknown on line 0
[27-Aug-2019 00:59:31 UTC] PHP Warning:  PHP Startup: Unable to load dynamic library 'pdflib' (tried: ext\pdflib (The specified module could not be found.), ext\php_pdflib.dll (The specified module could not be found.)) in Unknown on line 0
[27-Aug-2019 14:11:44 UTC] PHP Warning:  PHP Startup: Unable to load dynamic library 'oci8_12c' (tried: ext\oci8_12c (The specified module could not be found.), ext\php_oci8_12c.dll (The specified module could not be found.)) in Unknown on line 0
[27-Aug-2019 14:11:44 UTC] PHP Warning:  PHP Startup: Unable to load dynamic library 'pdo_oci' (tried: ext\pdo_oci (The specified module could not be found.), ext\php_pdo_oci.dll (The specified module could not be found.)) in Unknown on line 0
[27-Aug-2019 14:11:44 UTC] PHP Warning:  PHP Startup: Unable to load dynamic library 'excel' (tried: ext\excel (The specified module could not be found.), ext\php_excel.dll (The specified module could not be found.)) in Unknown on line 0
[27-Aug-2019 14:11:45 UTC] PHP Warning:  Module 'imagick' already loaded in Unknown on line 0
[27-Aug-2019 14:11:45 UTC] PHP Warning:  PHP Startup: Unable to load dynamic library 'pdflib' (tried: ext\pdflib (The specified module could not be found.), ext\php_pdflib.dll (The specified module could not be found.)) in Unknown on line 0
[27-Aug-2019 15:14:36 UTC] PHP Warning:  PHP Startup: Unable to load dynamic library 'oci8_12c' (tried: ext\oci8_12c (The specified module could not be found.), ext\php_oci8_12c.dll (The specified module could not be found.)) in Unknown on line 0
[27-Aug-2019 15:14:36 UTC] PHP Warning:  PHP Startup: Unable to load dynamic library 'pdo_oci' (tried: ext\pdo_oci (The specified module could not be found.), ext\php_pdo_oci.dll (The specified module could not be found.)) in Unknown on line 0
[27-Aug-2019 15:14:36 UTC] PHP Warning:  PHP Startup: Unable to load dynamic library 'excel' (tried: ext\excel (The specified module could not be found.), ext\php_excel.dll (The specified module could not be found.)) in Unknown on line 0
[27-Aug-2019 15:14:36 UTC] PHP Warning:  Module 'imagick' already loaded in Unknown on line 0
[27-Aug-2019 15:14:36 UTC] PHP Warning:  PHP Startup: Unable to load dynamic library 'pdflib' (tried: ext\pdflib (The specified module could not be found.), ext\php_pdflib.dll (The specified module could not be found.)) in Unknown on line 0
[28-Aug-2019 16:27:33 UTC] PHP Warning:  PHP Startup: Unable to load dynamic library 'oci8_12c' (tried: ext\oci8_12c (The specified module could not be found.), ext\php_oci8_12c.dll (The specified module could not be found.)) in Unknown on line 0
[28-Aug-2019 16:27:34 UTC] PHP Warning:  PHP Startup: Unable to load dynamic library 'pdo_oci' (tried: ext\pdo_oci (The specified module could not be found.), ext\php_pdo_oci.dll (The specified module could not be found.)) in Unknown on line 0
[28-Aug-2019 16:27:42 UTC] PHP Warning:  PHP Startup: Unable to load dynamic library 'excel' (tried: ext\excel (The specified module could not be found.), ext\php_excel.dll (The specified module could not be found.)) in Unknown on line 0
[28-Aug-2019 16:27:44 UTC] PHP Warning:  Module 'imagick' already loaded in Unknown on line 0
[28-Aug-2019 16:27:48 UTC] PHP Warning:  PHP Startup: Unable to load dynamic library 'pdflib' (tried: ext\pdflib (The specified module could not be found.), ext\php_pdflib.dll (The specified module could not be found.)) in Unknown on line 0
[28-Aug-2019 16:28:59 UTC] PHP Warning:  PHP Startup: Unable to load dynamic library 'oci8_12c' (tried: ext\oci8_12c (The specified module could not be found.), ext\php_oci8_12c.dll (The specified module could not be found.)) in Unknown on line 0
[28-Aug-2019 16:28:59 UTC] PHP Warning:  PHP Startup: Unable to load dynamic library 'pdo_oci' (tried: ext\pdo_oci (The specified module could not be found.), ext\php_pdo_oci.dll (The specified module could not be found.)) in Unknown on line 0
[28-Aug-2019 16:28:59 UTC] PHP Warning:  PHP Startup: Unable to load dynamic library 'excel' (tried: ext\excel (The specified module could not be found.), ext\php_excel.dll (The specified module could not be found.)) in Unknown on line 0
[28-Aug-2019 16:28:59 UTC] PHP Warning:  Module 'imagick' already loaded in Unknown on line 0
[28-Aug-2019 16:28:59 UTC] PHP Warning:  PHP Startup: Unable to load dynamic library 'pdflib' (tried: ext\pdflib (The specified module could not be found.), ext\php_pdflib.dll (The specified module could not be found.)) in Unknown on line 0
[28-Aug-2019 16:45:09 UTC] PHP Warning:  PHP Startup: Unable to load dynamic library 'oci8_12c' (tried: ext\oci8_12c (The specified module could not be found.), ext\php_oci8_12c.dll (The specified module could not be found.)) in Unknown on line 0
[28-Aug-2019 16:45:09 UTC] PHP Warning:  PHP Startup: Unable to load dynamic library 'pdo_oci' (tried: ext\pdo_oci (The specified module could not be found.), ext\php_pdo_oci.dll (The specified module could not be found.)) in Unknown on line 0
[28-Aug-2019 16:45:09 UTC] PHP Warning:  PHP Startup: Unable to load dynamic library 'excel' (tried: ext\excel (The specified module could not be found.), ext\php_excel.dll (The specified module could not be found.)) in Unknown on line 0
[28-Aug-2019 16:45:09 UTC] PHP Warning:  Module 'imagick' already loaded in Unknown on line 0
[28-Aug-2019 16:45:09 UTC] PHP Warning:  PHP Startup: Unable to load dynamic library 'pdflib' (tried: ext\pdflib (The specified module could not be found.), ext\php_pdflib.dll (The specified module could not be found.)) in Unknown on line 0
[28-Aug-2019 16:46:47 UTC] PHP Warning:  PHP Startup: Unable to load dynamic library 'oci8_12c' (tried: ext\oci8_12c (The specified module could not be found.), ext\php_oci8_12c.dll (The specified module could not be found.)) in Unknown on line 0
[28-Aug-2019 16:46:47 UTC] PHP Warning:  PHP Startup: Unable to load dynamic library 'pdo_oci' (tried: ext\pdo_oci (The specified module could not be found.), ext\php_pdo_oci.dll (The specified module could not be found.)) in Unknown on line 0
[28-Aug-2019 16:46:47 UTC] PHP Warning:  PHP Startup: Unable to load dynamic library 'excel' (tried: ext\excel (The specified module could not be found.), ext\php_excel.dll (The specified module could not be found.)) in Unknown on line 0
[28-Aug-2019 16:46:47 UTC] PHP Warning:  Module 'imagick' already loaded in Unknown on line 0
[28-Aug-2019 16:46:47 UTC] PHP Warning:  PHP Startup: Unable to load dynamic library 'pdflib' (tried: ext\pdflib (The specified module could not be found.), ext\php_pdflib.dll (The specified module could not be found.)) in Unknown on line 0
[28-Aug-2019 17:46:31 UTC] PHP Warning:  PHP Startup: Unable to load dynamic library 'oci8_12c' (tried: ext\oci8_12c (The specified module could not be found.), ext\php_oci8_12c.dll (The specified module could not be found.)) in Unknown on line 0
[28-Aug-2019 17:46:31 UTC] PHP Warning:  PHP Startup: Unable to load dynamic library 'pdo_oci' (tried: ext\pdo_oci (The specified module could not be found.), ext\php_pdo_oci.dll (The specified module could not be found.)) in Unknown on line 0
[28-Aug-2019 17:46:32 UTC] PHP Warning:  PHP Startup: Unable to load dynamic library 'excel' (tried: ext\excel (The specified module could not be found.), ext\php_excel.dll (The specified module could not be found.)) in Unknown on line 0
[28-Aug-2019 17:46:32 UTC] PHP Warning:  Module 'imagick' already loaded in Unknown on line 0
[28-Aug-2019 17:46:32 UTC] PHP Warning:  PHP Startup: Unable to load dynamic library 'pdflib' (tried: ext\pdflib (The specified module could not be found.), ext\php_pdflib.dll (The specified module could not be found.)) in Unknown on line 0
[28-Aug-2019 17:52:52 UTC] PHP Warning:  PHP Startup: Unable to load dynamic library 'oci8_12c' (tried: ext\oci8_12c (The specified module could not be found.), ext\php_oci8_12c.dll (The specified module could not be found.)) in Unknown on line 0
[28-Aug-2019 17:52:52 UTC] PHP Warning:  PHP Startup: Unable to load dynamic library 'pdo_oci' (tried: ext\pdo_oci (The specified module could not be found.), ext\php_pdo_oci.dll (The specified module could not be found.)) in Unknown on line 0
[28-Aug-2019 17:52:52 UTC] PHP Warning:  PHP Startup: Unable to load dynamic library 'excel' (tried: ext\excel (The specified module could not be found.), ext\php_excel.dll (The specified module could not be found.)) in Unknown on line 0
[28-Aug-2019 17:52:52 UTC] PHP Warning:  Module 'imagick' already loaded in Unknown on line 0
[28-Aug-2019 17:52:52 UTC] PHP Warning:  PHP Startup: Unable to load dynamic library 'pdflib' (tried: ext\pdflib (The specified module could not be found.), ext\php_pdflib.dll (The specified module could not be found.)) in Unknown on line 0
[28-Aug-2019 18:02:17 UTC] PHP Warning:  PHP Startup: Unable to load dynamic library 'oci8_12c' (tried: ext\oci8_12c (The specified module could not be found.), ext\php_oci8_12c.dll (The specified module could not be found.)) in Unknown on line 0
[28-Aug-2019 18:02:17 UTC] PHP Warning:  PHP Startup: Unable to load dynamic library 'pdo_oci' (tried: ext\pdo_oci (The specified module could not be found.), ext\php_pdo_oci.dll (The specified module could not be found.)) in Unknown on line 0
[28-Aug-2019 18:02:17 UTC] PHP Warning:  PHP Startup: Unable to load dynamic library 'excel' (tried: ext\excel (The specified module could not be found.), ext\php_excel.dll (The specified module could not be found.)) in Unknown on line 0
[28-Aug-2019 18:02:17 UTC] PHP Warning:  Module 'imagick' already loaded in Unknown on line 0
[28-Aug-2019 18:02:17 UTC] PHP Warning:  PHP Startup: Unable to load dynamic library 'pdflib' (tried: ext\pdflib (The specified module could not be found.), ext\php_pdflib.dll (The specified module could not be found.)) in Unknown on line 0
[28-Aug-2019 18:07:07 UTC] PHP Warning:  PHP Startup: Unable to load dynamic library 'oci8_12c' (tried: ext\oci8_12c (The specified module could not be found.), ext\php_oci8_12c.dll (The specified module could not be found.)) in Unknown on line 0
[28-Aug-2019 18:07:09 UTC] PHP Warning:  PHP Startup: Unable to load dynamic library 'pdo_oci' (tried: ext\pdo_oci (The specified module could not be found.), ext\php_pdo_oci.dll (The specified module could not be found.)) in Unknown on line 0
[28-Aug-2019 18:07:17 UTC] PHP Warning:  PHP Startup: Unable to load dynamic library 'excel' (tried: ext\excel (The specified module could not be found.), ext\php_excel.dll (The specified module could not be found.)) in Unknown on line 0
[28-Aug-2019 18:07:19 UTC] PHP Warning:  Module 'imagick' already loaded in Unknown on line 0
[28-Aug-2019 18:07:23 UTC] PHP Warning:  PHP Startup: Unable to load dynamic library 'pdflib' (tried: ext\pdflib (The specified module could not be found.), ext\php_pdflib.dll (The specified module could not be found.)) in Unknown on line 0
[28-Aug-2019 18:21:12 UTC] PHP Warning:  PHP Startup: Unable to load dynamic library 'oci8_12c' (tried: ext\oci8_12c (The specified module could not be found.), ext\php_oci8_12c.dll (The specified module could not be found.)) in Unknown on line 0
[28-Aug-2019 18:21:12 UTC] PHP Warning:  PHP Startup: Unable to load dynamic library 'pdo_oci' (tried: ext\pdo_oci (The specified module could not be found.), ext\php_pdo_oci.dll (The specified module could not be found.)) in Unknown on line 0
[28-Aug-2019 18:21:12 UTC] PHP Warning:  PHP Startup: Unable to load dynamic library 'excel' (tried: ext\excel (The specified module could not be found.), ext\php_excel.dll (The specified module could not be found.)) in Unknown on line 0
[28-Aug-2019 18:21:12 UTC] PHP Warning:  Module 'imagick' already loaded in Unknown on line 0
[28-Aug-2019 18:21:12 UTC] PHP Warning:  PHP Startup: Unable to load dynamic library 'pdflib' (tried: ext\pdflib (The specified module could not be found.), ext\php_pdflib.dll (The specified module could not be found.)) in Unknown on line 0
