[19-Aug-2019 14:31:51 UTC] PHP Warning:  PHP Startup: Unable to load dynamic library 'oci8_12c' (tried: ext\oci8_12c (The specified module could not be found.), ext\php_oci8_12c.dll (The specified module could not be found.)) in Unknown on line 0
[19-Aug-2019 14:31:51 UTC] PHP Warning:  PHP Startup: Unable to load dynamic library 'pdo_oci' (tried: ext\pdo_oci (The specified module could not be found.), ext\php_pdo_oci.dll (The specified module could not be found.)) in Unknown on line 0
[19-Aug-2019 14:31:51 UTC] PHP Warning:  PHP Startup: Unable to load dynamic library 'excel' (tried: ext\excel (The specified module could not be found.), ext\php_excel.dll (The specified module could not be found.)) in Unknown on line 0
[19-Aug-2019 14:31:51 UTC] PHP Warning:  PHP Startup: Unable to load dynamic library 'pdflib' (tried: ext\pdflib (The specified module could not be found.), ext\php_pdflib.dll (The specified module could not be found.)) in Unknown on line 0
[19-Aug-2019 14:31:51 UTC] PHP Notice:  PHP Startup: The cli-server SAPI is not supported by pthreads in Unknown on line 0
[19-Aug-2019 14:39:47 UTC] PHP Warning:  PHP Startup: Unable to load dynamic library 'oci8_12c' (tried: ext\oci8_12c (The specified module could not be found.), ext\php_oci8_12c.dll (The specified module could not be found.)) in Unknown on line 0
[19-Aug-2019 14:39:47 UTC] PHP Warning:  PHP Startup: Unable to load dynamic library 'pdo_oci' (tried: ext\pdo_oci (The specified module could not be found.), ext\php_pdo_oci.dll (The specified module could not be found.)) in Unknown on line 0
[19-Aug-2019 14:39:47 UTC] PHP Warning:  PHP Startup: Unable to load dynamic library 'excel' (tried: ext\excel (The specified module could not be found.), ext\php_excel.dll (The specified module could not be found.)) in Unknown on line 0
[19-Aug-2019 14:39:47 UTC] PHP Warning:  PHP Startup: Unable to load dynamic library 'pdflib' (tried: ext\pdflib (The specified module could not be found.), ext\php_pdflib.dll (The specified module could not be found.)) in Unknown on line 0
[19-Aug-2019 14:39:47 UTC] PHP Notice:  PHP Startup: The cli-server SAPI is not supported by pthreads in Unknown on line 0
[19-Aug-2019 14:46:00 UTC] PHP Warning:  PHP Startup: Unable to load dynamic library 'oci8_12c' (tried: ext\oci8_12c (The specified module could not be found.), ext\php_oci8_12c.dll (The specified module could not be found.)) in Unknown on line 0
[19-Aug-2019 14:46:00 UTC] PHP Warning:  PHP Startup: Unable to load dynamic library 'pdo_oci' (tried: ext\pdo_oci (The specified module could not be found.), ext\php_pdo_oci.dll (The specified module could not be found.)) in Unknown on line 0
[19-Aug-2019 14:46:00 UTC] PHP Warning:  PHP Startup: Unable to load dynamic library 'excel' (tried: ext\excel (The specified module could not be found.), ext\php_excel.dll (The specified module could not be found.)) in Unknown on line 0
[19-Aug-2019 14:46:00 UTC] PHP Warning:  PHP Startup: Unable to load dynamic library 'pdflib' (tried: ext\pdflib (The specified module could not be found.), ext\php_pdflib.dll (The specified module could not be found.)) in Unknown on line 0
[19-Aug-2019 14:46:00 UTC] PHP Notice:  PHP Startup: The cli-server SAPI is not supported by pthreads in Unknown on line 0
[19-Aug-2019 14:57:15 UTC] PHP Warning:  PHP Startup: Unable to load dynamic library 'oci8_12c' (tried: ext\oci8_12c (The specified module could not be found.), ext\php_oci8_12c.dll (The specified module could not be found.)) in Unknown on line 0
[19-Aug-2019 14:57:15 UTC] PHP Warning:  PHP Startup: Unable to load dynamic library 'pdo_oci' (tried: ext\pdo_oci (The specified module could not be found.), ext\php_pdo_oci.dll (The specified module could not be found.)) in Unknown on line 0
[19-Aug-2019 14:57:16 UTC] PHP Warning:  PHP Startup: Unable to load dynamic library 'excel' (tried: ext\excel (The specified module could not be found.), ext\php_excel.dll (The specified module could not be found.)) in Unknown on line 0
[19-Aug-2019 14:57:16 UTC] PHP Warning:  PHP Startup: Unable to load dynamic library 'pdflib' (tried: ext\pdflib (The specified module could not be found.), ext\php_pdflib.dll (The specified module could not be found.)) in Unknown on line 0
[19-Aug-2019 14:57:16 UTC] PHP Notice:  PHP Startup: The cli-server SAPI is not supported by pthreads in Unknown on line 0
[19-Aug-2019 14:57:39 UTC] PHP Warning:  PHP Startup: Unable to load dynamic library 'oci8_12c' (tried: ext\oci8_12c (The specified module could not be found.), ext\php_oci8_12c.dll (The specified module could not be found.)) in Unknown on line 0
[19-Aug-2019 14:57:39 UTC] PHP Warning:  PHP Startup: Unable to load dynamic library 'pdo_oci' (tried: ext\pdo_oci (The specified module could not be found.), ext\php_pdo_oci.dll (The specified module could not be found.)) in Unknown on line 0
[19-Aug-2019 14:57:39 UTC] PHP Warning:  PHP Startup: Unable to load dynamic library 'excel' (tried: ext\excel (The specified module could not be found.), ext\php_excel.dll (The specified module could not be found.)) in Unknown on line 0
[19-Aug-2019 14:57:39 UTC] PHP Warning:  PHP Startup: Unable to load dynamic library 'pdflib' (tried: ext\pdflib (The specified module could not be found.), ext\php_pdflib.dll (The specified module could not be found.)) in Unknown on line 0
[19-Aug-2019 14:57:40 UTC] PHP Notice:  PHP Startup: The cli-server SAPI is not supported by pthreads in Unknown on line 0
[19-Aug-2019 15:03:49 UTC] PHP Warning:  PHP Startup: Unable to load dynamic library 'oci8_12c' (tried: ext\oci8_12c (The specified module could not be found.), ext\php_oci8_12c.dll (The specified module could not be found.)) in Unknown on line 0
[19-Aug-2019 15:03:49 UTC] PHP Warning:  PHP Startup: Unable to load dynamic library 'pdo_oci' (tried: ext\pdo_oci (The specified module could not be found.), ext\php_pdo_oci.dll (The specified module could not be found.)) in Unknown on line 0
[19-Aug-2019 15:03:49 UTC] PHP Warning:  PHP Startup: Unable to load dynamic library 'excel' (tried: ext\excel (The specified module could not be found.), ext\php_excel.dll (The specified module could not be found.)) in Unknown on line 0
[19-Aug-2019 15:03:49 UTC] PHP Warning:  PHP Startup: Unable to load dynamic library 'pdflib' (tried: ext\pdflib (The specified module could not be found.), ext\php_pdflib.dll (The specified module could not be found.)) in Unknown on line 0
[19-Aug-2019 15:03:49 UTC] PHP Notice:  PHP Startup: The cli-server SAPI is not supported by pthreads in Unknown on line 0
[19-Aug-2019 15:04:36 UTC] PHP Warning:  PHP Startup: Unable to load dynamic library 'oci8_12c' (tried: ext\oci8_12c (The specified module could not be found.), ext\php_oci8_12c.dll (The specified module could not be found.)) in Unknown on line 0
[19-Aug-2019 15:04:36 UTC] PHP Warning:  PHP Startup: Unable to load dynamic library 'pdo_oci' (tried: ext\pdo_oci (The specified module could not be found.), ext\php_pdo_oci.dll (The specified module could not be found.)) in Unknown on line 0
[19-Aug-2019 15:04:36 UTC] PHP Warning:  PHP Startup: Unable to load dynamic library 'excel' (tried: ext\excel (The specified module could not be found.), ext\php_excel.dll (The specified module could not be found.)) in Unknown on line 0
[19-Aug-2019 15:04:36 UTC] PHP Warning:  PHP Startup: Unable to load dynamic library 'pdflib' (tried: ext\pdflib (The specified module could not be found.), ext\php_pdflib.dll (The specified module could not be found.)) in Unknown on line 0
[19-Aug-2019 15:04:36 UTC] PHP Notice:  PHP Startup: The cli-server SAPI is not supported by pthreads in Unknown on line 0
[19-Aug-2019 15:09:35 UTC] PHP Fatal error:  Maximum execution time of 60 seconds exceeded in D:\wamp64\www\awkward-styles\vendor\laravel\framework\src\Illuminate\Foundation\Bootstrap\HandleExceptions.php on line 57
[19-Aug-2019 15:09:35 UTC] PHP Stack trace:
[19-Aug-2019 15:09:35 UTC] PHP   1. {main}() D:\wamp64\www\awkward-styles\server.php:0
[19-Aug-2019 15:09:35 UTC] PHP   2. require_once() D:\wamp64\www\awkward-styles\server.php:21
[19-Aug-2019 15:09:35 UTC] PHP   3. App\Http\Kernel->handle() D:\wamp64\www\awkward-styles\public\index.php:55
[19-Aug-2019 15:09:35 UTC] PHP   4. App\Http\Kernel->sendRequestThroughRouter() D:\wamp64\www\awkward-styles\vendor\laravel\framework\src\Illuminate\Foundation\Http\Kernel.php:116
[19-Aug-2019 15:09:35 UTC] PHP   5. Illuminate\Routing\Pipeline->then() D:\wamp64\www\awkward-styles\vendor\laravel\framework\src\Illuminate\Foundation\Http\Kernel.php:151
[19-Aug-2019 15:09:35 UTC] PHP   6. Illuminate\Routing\Pipeline->Illuminate\Routing\{closure:D:\wamp64\www\awkward-styles\vendor\laravel\framework\src\Illuminate\Routing\Pipeline.php:47-59}() D:\wamp64\www\awkward-styles\vendor\laravel\framework\src\Illuminate\Pipeline\Pipeline.php:102
[19-Aug-2019 15:09:35 UTC] PHP   7. Illuminate\Routing\Pipeline->Illuminate\Pipeline\{closure:D:\wamp64\www\awkward-styles\vendor\laravel\framework\src\Illuminate\Pipeline\Pipeline.php:126-151}() D:\wamp64\www\awkward-styles\vendor\laravel\framework\src\Illuminate\Routing\Pipeline.php:53
[19-Aug-2019 15:09:35 UTC] PHP   8. Illuminate\Foundation\Http\Middleware\CheckForMaintenanceMode->handle() D:\wamp64\www\awkward-styles\vendor\laravel\framework\src\Illuminate\Pipeline\Pipeline.php:149
[19-Aug-2019 15:09:35 UTC] PHP   9. Illuminate\Routing\Pipeline->Illuminate\Routing\{closure:D:\wamp64\www\awkward-styles\vendor\laravel\framework\src\Illuminate\Routing\Pipeline.php:47-59}() D:\wamp64\www\awkward-styles\vendor\laravel\framework\src\Illuminate\Foundation\Http\Middleware\CheckForMaintenanceMode.php:46
[19-Aug-2019 15:09:35 UTC] PHP  10. Illuminate\Routing\Pipeline->Illuminate\Pipeline\{closure:D:\wamp64\www\awkward-styles\vendor\laravel\framework\src\Illuminate\Pipeline\Pipeline.php:126-151}() D:\wamp64\www\awkward-styles\vendor\laravel\framework\src\Illuminate\Routing\Pipeline.php:53
[19-Aug-2019 15:09:35 UTC] PHP  11. Illuminate\Foundation\Http\Middleware\ValidatePostSize->handle() D:\wamp64\www\awkward-styles\vendor\laravel\framework\src\Illuminate\Pipeline\Pipeline.php:149
[19-Aug-2019 15:09:35 UTC] PHP  12. Illuminate\Routing\Pipeline->Illuminate\Routing\{closure:D:\wamp64\www\awkward-styles\vendor\laravel\framework\src\Illuminate\Routing\Pipeline.php:47-59}() D:\wamp64\www\awkward-styles\vendor\laravel\framework\src\Illuminate\Foundation\Http\Middleware\ValidatePostSize.php:27
[19-Aug-2019 15:09:35 UTC] PHP  13. Illuminate\Routing\Pipeline->Illuminate\Pipeline\{closure:D:\wamp64\www\awkward-styles\vendor\laravel\framework\src\Illuminate\Pipeline\Pipeline.php:126-151}() D:\wamp64\www\awkward-styles\vendor\laravel\framework\src\Illuminate\Routing\Pipeline.php:53
[19-Aug-2019 15:09:35 UTC] PHP  14. App\Http\Middleware\TrimStrings->handle() D:\wamp64\www\awkward-styles\vendor\laravel\framework\src\Illuminate\Pipeline\Pipeline.php:149
[19-Aug-2019 15:09:35 UTC] PHP  15. Illuminate\Routing\Pipeline->Illuminate\Routing\{closure:D:\wamp64\www\awkward-styles\vendor\laravel\framework\src\Illuminate\Routing\Pipeline.php:47-59}() D:\wamp64\www\awkward-styles\vendor\laravel\framework\src\Illuminate\Foundation\Http\Middleware\TransformsRequest.php:30
[19-Aug-2019 15:09:35 UTC] PHP  16. Illuminate\Routing\Pipeline->Illuminate\Pipeline\{closure:D:\wamp64\www\awkward-styles\vendor\laravel\framework\src\Illuminate\Pipeline\Pipeline.php:126-151}() D:\wamp64\www\awkward-styles\vendor\laravel\framework\src\Illuminate\Routing\Pipeline.php:53
[19-Aug-2019 15:09:35 UTC] PHP  17. Illuminate\Foundation\Http\Middleware\ConvertEmptyStringsToNull->handle() D:\wamp64\www\awkward-styles\vendor\laravel\framework\src\Illuminate\Pipeline\Pipeline.php:149
[19-Aug-2019 15:09:35 UTC] PHP  18. Illuminate\Routing\Pipeline->Illuminate\Routing\{closure:D:\wamp64\www\awkward-styles\vendor\laravel\framework\src\Illuminate\Routing\Pipeline.php:47-59}() D:\wamp64\www\awkward-styles\vendor\laravel\framework\src\Illuminate\Foundation\Http\Middleware\TransformsRequest.php:30
[19-Aug-2019 15:09:35 UTC] PHP  19. Illuminate\Routing\Pipeline->Illuminate\Pipeline\{closure:D:\wamp64\www\awkward-styles\vendor\laravel\framework\src\Illuminate\Pipeline\Pipeline.php:126-151}() D:\wamp64\www\awkward-styles\vendor\laravel\framework\src\Illuminate\Routing\Pipeline.php:53
[19-Aug-2019 15:09:35 UTC] PHP  20. App\Http\Middleware\TrustProxies->handle() D:\wamp64\www\awkward-styles\vendor\laravel\framework\src\Illuminate\Pipeline\Pipeline.php:149
[19-Aug-2019 15:09:35 UTC] PHP  21. Illuminate\Routing\Pipeline->Illuminate\Routing\{closure:D:\wamp64\www\awkward-styles\vendor\laravel\framework\src\Illuminate\Routing\Pipeline.php:28-36}() D:\wamp64\www\awkward-styles\vendor\fideloper\proxy\src\TrustProxies.php:56
[19-Aug-2019 15:09:35 UTC] PHP  22. App\Http\Kernel->Illuminate\Foundation\Http\{closure:D:\wamp64\www\awkward-styles\vendor\laravel\framework\src\Illuminate\Foundation\Http\Kernel.php:173-177}() D:\wamp64\www\awkward-styles\vendor\laravel\framework\src\Illuminate\Routing\Pipeline.php:30
[19-Aug-2019 15:09:35 UTC] PHP  23. Illuminate\Routing\Router->dispatch() D:\wamp64\www\awkward-styles\vendor\laravel\framework\src\Illuminate\Foundation\Http\Kernel.php:176
[19-Aug-2019 15:09:35 UTC] PHP  24. Illuminate\Routing\Router->dispatchToRoute() D:\wamp64\www\awkward-styles\vendor\laravel\framework\src\Illuminate\Routing\Router.php:590
[19-Aug-2019 15:09:35 UTC] PHP  25. Illuminate\Routing\Router->runRoute() D:\wamp64\www\awkward-styles\vendor\laravel\framework\src\Illuminate\Routing\Router.php:601
[19-Aug-2019 15:09:35 UTC] PHP  26. Illuminate\Routing\Router->runRouteWithinStack() D:\wamp64\www\awkward-styles\vendor\laravel\framework\src\Illuminate\Routing\Router.php:635
[19-Aug-2019 15:09:35 UTC] PHP  27. Illuminate\Routing\Pipeline->then() D:\wamp64\www\awkward-styles\vendor\laravel\framework\src\Illuminate\Routing\Router.php:660
[19-Aug-2019 15:09:35 UTC] PHP  28. Illuminate\Routing\Pipeline->Illuminate\Routing\{closure:D:\wamp64\www\awkward-styles\vendor\laravel\framework\src\Illuminate\Routing\Pipeline.php:47-59}() D:\wamp64\www\awkward-styles\vendor\laravel\framework\src\Illuminate\Pipeline\Pipeline.php:102
[19-Aug-2019 15:09:35 UTC] PHP  29. Illuminate\Routing\Pipeline->Illuminate\Pipeline\{closure:D:\wamp64\www\awkward-styles\vendor\laravel\framework\src\Illuminate\Pipeline\Pipeline.php:126-151}() D:\wamp64\www\awkward-styles\vendor\laravel\framework\src\Illuminate\Routing\Pipeline.php:53
[19-Aug-2019 15:09:35 UTC] PHP  30. App\Http\Middleware\EncryptCookies->handle() D:\wamp64\www\awkward-styles\vendor\laravel\framework\src\Illuminate\Pipeline\Pipeline.php:149
[19-Aug-2019 15:09:35 UTC] PHP  31. Illuminate\Routing\Pipeline->Illuminate\Routing\{closure:D:\wamp64\www\awkward-styles\vendor\laravel\framework\src\Illuminate\Routing\Pipeline.php:47-59}() D:\wamp64\www\awkward-styles\vendor\laravel\framework\src\Illuminate\Cookie\Middleware\EncryptCookies.php:66
[19-Aug-2019 15:09:35 UTC] PHP  32. Illuminate\Routing\Pipeline->Illuminate\Pipeline\{closure:D:\wamp64\www\awkward-styles\vendor\laravel\framework\src\Illuminate\Pipeline\Pipeline.php:126-151}() D:\wamp64\www\awkward-styles\vendor\laravel\framework\src\Illuminate\Routing\Pipeline.php:53
[19-Aug-2019 15:09:35 UTC] PHP  33. Illuminate\Cookie\Middleware\AddQueuedCookiesToResponse->handle() D:\wamp64\www\awkward-styles\vendor\laravel\framework\src\Illuminate\Pipeline\Pipeline.php:149
[19-Aug-2019 15:09:35 UTC] PHP  34. Illuminate\Routing\Pipeline->Illuminate\Routing\{closure:D:\wamp64\www\awkward-styles\vendor\laravel\framework\src\Illuminate\Routing\Pipeline.php:47-59}() D:\wamp64\www\awkward-styles\vendor\laravel\framework\src\Illuminate\Cookie\Middleware\AddQueuedCookiesToResponse.php:37
[19-Aug-2019 15:09:35 UTC] PHP  35. Illuminate\Routing\Pipeline->Illuminate\Pipeline\{closure:D:\wamp64\www\awkward-styles\vendor\laravel\framework\src\Illuminate\Pipeline\Pipeline.php:126-151}() D:\wamp64\www\awkward-styles\vendor\laravel\framework\src\Illuminate\Routing\Pipeline.php:53
[19-Aug-2019 15:09:35 UTC] PHP  36. Illuminate\Session\Middleware\StartSession->handle() D:\wamp64\www\awkward-styles\vendor\laravel\framework\src\Illuminate\Pipeline\Pipeline.php:149
[19-Aug-2019 15:09:35 UTC] PHP  37. Illuminate\Routing\Pipeline->Illuminate\Routing\{closure:D:\wamp64\www\awkward-styles\vendor\laravel\framework\src\Illuminate\Routing\Pipeline.php:47-59}() D:\wamp64\www\awkward-styles\vendor\laravel\framework\src\Illuminate\Session\Middleware\StartSession.php:63
[19-Aug-2019 15:09:35 UTC] PHP  38. Illuminate\Routing\Pipeline->Illuminate\Pipeline\{closure:D:\wamp64\www\awkward-styles\vendor\laravel\framework\src\Illuminate\Pipeline\Pipeline.php:126-151}() D:\wamp64\www\awkward-styles\vendor\laravel\framework\src\Illuminate\Routing\Pipeline.php:53
[19-Aug-2019 15:09:35 UTC] PHP  39. Illuminate\View\Middleware\ShareErrorsFromSession->handle() D:\wamp64\www\awkward-styles\vendor\laravel\framework\src\Illuminate\Pipeline\Pipeline.php:149
[19-Aug-2019 15:09:35 UTC] PHP  40. Illuminate\Routing\Pipeline->Illuminate\Routing\{closure:D:\wamp64\www\awkward-styles\vendor\laravel\framework\src\Illuminate\Routing\Pipeline.php:47-59}() D:\wamp64\www\awkward-styles\vendor\laravel\framework\src\Illuminate\View\Middleware\ShareErrorsFromSession.php:49
[19-Aug-2019 15:09:35 UTC] PHP  41. Illuminate\Routing\Pipeline->Illuminate\Pipeline\{closure:D:\wamp64\www\awkward-styles\vendor\laravel\framework\src\Illuminate\Pipeline\Pipeline.php:126-151}() D:\wamp64\www\awkward-styles\vendor\laravel\framework\src\Illuminate\Routing\Pipeline.php:53
[19-Aug-2019 15:09:35 UTC] PHP  42. App\Http\Middleware\VerifyCsrfToken->handle() D:\wamp64\www\awkward-styles\vendor\laravel\framework\src\Illuminate\Pipeline\Pipeline.php:149
[19-Aug-2019 15:09:35 UTC] PHP  43. Illuminate\Routing\Pipeline->Illuminate\Routing\{closure:D:\wamp64\www\awkward-styles\vendor\laravel\framework\src\Illuminate\Routing\Pipeline.php:47-59}() D:\wamp64\www\awkward-styles\vendor\laravel\framework\src\Illuminate\Foundation\Http\Middleware\VerifyCsrfToken.php:68
[19-Aug-2019 15:09:35 UTC] PHP  44. Illuminate\Routing\Pipeline->Illuminate\Pipeline\{closure:D:\wamp64\www\awkward-styles\vendor\laravel\framework\src\Illuminate\Pipeline\Pipeline.php:126-151}() D:\wamp64\www\awkward-styles\vendor\laravel\framework\src\Illuminate\Routing\Pipeline.php:53
[19-Aug-2019 15:09:35 UTC] PHP  45. Illuminate\Routing\Middleware\SubstituteBindings->handle() D:\wamp64\www\awkward-styles\vendor\laravel\framework\src\Illuminate\Pipeline\Pipeline.php:149
[19-Aug-2019 15:09:35 UTC] PHP  46. Illuminate\Routing\Pipeline->Illuminate\Routing\{closure:D:\wamp64\www\awkward-styles\vendor\laravel\framework\src\Illuminate\Routing\Pipeline.php:28-36}() D:\wamp64\www\awkward-styles\vendor\laravel\framework\src\Illuminate\Routing\Middleware\SubstituteBindings.php:41
[19-Aug-2019 15:09:35 UTC] PHP  47. Illuminate\Routing\Router->Illuminate\Routing\{closure:D:\wamp64\www\awkward-styles\vendor\laravel\framework\src\Illuminate\Routing\Router.php:656-660}() D:\wamp64\www\awkward-styles\vendor\laravel\framework\src\Illuminate\Routing\Pipeline.php:30
[19-Aug-2019 15:09:35 UTC] PHP  48. Illuminate\Routing\Route->run() D:\wamp64\www\awkward-styles\vendor\laravel\framework\src\Illuminate\Routing\Router.php:658
[19-Aug-2019 15:09:35 UTC] PHP  49. Illuminate\Routing\Route->runController() D:\wamp64\www\awkward-styles\vendor\laravel\framework\src\Illuminate\Routing\Route.php:169
[19-Aug-2019 15:09:35 UTC] PHP  50. Illuminate\Routing\ControllerDispatcher->dispatch() D:\wamp64\www\awkward-styles\vendor\laravel\framework\src\Illuminate\Routing\Route.php:212
[19-Aug-2019 15:09:35 UTC] PHP  51. App\Http\Controllers\API\JSTinker->index() D:\wamp64\www\awkward-styles\vendor\laravel\framework\src\Illuminate\Routing\ControllerDispatcher.php:48
[19-Aug-2019 15:09:35 UTC] PHP  52. file_get_contents() D:\wamp64\www\awkward-styles\app\Http\Controllers\API\JSTinker.php:17
[19-Aug-2019 15:09:35 UTC] PHP  53. Illuminate\Foundation\Bootstrap\HandleExceptions->handleError() D:\wamp64\www\awkward-styles\app\Http\Controllers\API\JSTinker.php:17
[19-Aug-2019 15:16:20 UTC] PHP Warning:  PHP Startup: Unable to load dynamic library 'oci8_12c' (tried: ext\oci8_12c (The specified module could not be found.), ext\php_oci8_12c.dll (The specified module could not be found.)) in Unknown on line 0
[19-Aug-2019 15:16:20 UTC] PHP Warning:  PHP Startup: Unable to load dynamic library 'pdo_oci' (tried: ext\pdo_oci (The specified module could not be found.), ext\php_pdo_oci.dll (The specified module could not be found.)) in Unknown on line 0
[19-Aug-2019 15:16:20 UTC] PHP Warning:  PHP Startup: Unable to load dynamic library 'excel' (tried: ext\excel (The specified module could not be found.), ext\php_excel.dll (The specified module could not be found.)) in Unknown on line 0
[19-Aug-2019 15:16:20 UTC] PHP Warning:  Module 'imagick' already loaded in Unknown on line 0
[19-Aug-2019 15:16:20 UTC] PHP Warning:  PHP Startup: Unable to load dynamic library 'pdflib' (tried: ext\pdflib (The specified module could not be found.), ext\php_pdflib.dll (The specified module could not be found.)) in Unknown on line 0
[19-Aug-2019 15:16:20 UTC] PHP Notice:  PHP Startup: The cli-server SAPI is not supported by pthreads in Unknown on line 0
